# JRE version: OpenJDK Runtime Environment Temurin-21.0.8+9 (21.0.8+9) (build 21.0.8+9-LTS)
# Java VM: OpenJDK 64-Bit Server VM Temurin-21.0.8+9 (21.0.8+9-LTS, mixed mode, sharing, tiered, compressed oops, compressed class ptrs, parallel gc, windows-amd64)
GC Precious Log:
 CardTable entry size: 512
 CPUs: 4 total, 4 available
 Memory: 8098M
 Large Page Support: Disabled
 NUMA Support: Disabled
 Compressed Oops: Enabled (32-bit)
 Alignments: Space 512K, Generation 512K, Heap 2M
 Heap Min Capacity: 100M
 Heap Initial Capacity: 100M
 Heap Max Capacity: 2G
 Pre-touch: Disabled
 Parallel Workers: 4
Heap:
 PSYoungGen      total 16896K, used 14404K [0x00000000d5580000, 0x00000000d6980000, 0x0000000100000000)
  eden space 14336K, 84% used [0x00000000d5580000,0x00000000d6150eb8,0x00000000d6380000)
  from space 2560K, 90% used [0x00000000d6480000,0x00000000d66c0500,0x00000000d6700000)
  to   space 2560K, 0% used [0x00000000d6700000,0x00000000d6700000,0x00000000d6980000)
 ParOldGen       total 96256K, used 95979K [0x0000000080000000, 0x0000000085e00000, 0x00000000d5580000)
  object space 96256K, 99% used [0x0000000080000000,0x0000000085dbaf68,0x0000000085e00000)
 Metaspace       used 71493K, committed 73024K, reserved 1114112K
  class space    used 7527K, committed 8192K, reserved 1048576K
GC Heap History (20 events):
Event: 95.010 GC heap before
{Heap before GC invocations=79 (full 3):
 PSYoungGen      total 16384K, used 15904K [0x00000000d5580000, 0x00000000d6700000, 0x0000000100000000)
  eden space 14848K, 100% used [0x00000000d5580000,0x00000000d6400000,0x00000000d6400000)
  from space 1536K, 68% used [0x00000000d6500000,0x00000000d6608020,0x00000000d6680000)
  to   space 512K, 0% used [0x00000000d6680000,0x00000000d6680000,0x00000000d6700000)
 ParOldGen       total 77312K, used 76975K [0x0000000080000000, 0x0000000084b80000, 0x00000000d5580000)
  object space 77312K, 99% used [0x0000000080000000,0x0000000084b2bd50,0x0000000084b80000)
 Metaspace       used 69364K, committed 70848K, reserved 1114112K
  class space    used 7386K, committed 8000K, reserved 1048576K
}
Event: 95.022 GC heap after
{Heap after GC invocations=79 (full 3):
 PSYoungGen      total 14848K, used 480K [0x00000000d5580000, 0x00000000d6a00000, 0x0000000100000000)
  eden space 14336K, 0% used [0x00000000d5580000,0x00000000d5580000,0x00000000d6380000)
  from space 512K, 93% used [0x00000000d6680000,0x00000000d66f8010,0x00000000d6700000)
  to   space 3072K, 0% used [0x00000000d6380000,0x00000000d6380000,0x00000000d6680000)
 ParOldGen       total 78848K, used 78837K [0x0000000080000000, 0x0000000084d00000, 0x00000000d5580000)
  object space 78848K, 99% used [0x0000000080000000,0x0000000084cfd790,0x0000000084d00000)
 Metaspace       used 69364K, committed 70848K, reserved 1114112K
  class space    used 7386K, committed 8000K, reserved 1048576K
}
Event: 96.680 GC heap before
{Heap before GC invocations=80 (full 3):
 PSYoungGen      total 14848K, used 14816K [0x00000000d5580000, 0x00000000d6a00000, 0x0000000100000000)
  eden space 14336K, 100% used [0x00000000d5580000,0x00000000d6380000,0x00000000d6380000)
  from space 512K, 93% used [0x00000000d6680000,0x00000000d66f8010,0x00000000d6700000)
  to   space 3072K, 0% used [0x00000000d6380000,0x00000000d6380000,0x00000000d6680000)
 ParOldGen       total 78848K, used 78837K [0x0000000080000000, 0x0000000084d00000, 0x00000000d5580000)
  object space 78848K, 99% used [0x0000000080000000,0x0000000084cfd790,0x0000000084d00000)
 Metaspace       used 69791K, committed 71296K, reserved 1114112K
  class space    used 7425K, committed 8064K, reserved 1048576K
}
Event: 96.684 GC heap after
{Heap after GC invocations=80 (full 3):
 PSYoungGen      total 16896K, used 2336K [0x00000000d5580000, 0x00000000d6880000, 0x0000000100000000)
  eden space 14336K, 0% used [0x00000000d5580000,0x00000000d5580000,0x00000000d6380000)
  from space 2560K, 91% used [0x00000000d6380000,0x00000000d65c8020,0x00000000d6600000)
  to   space 2560K, 0% used [0x00000000d6600000,0x00000000d6600000,0x00000000d6880000)
 ParOldGen       total 79360K, used 79312K [0x0000000080000000, 0x0000000084d80000, 0x00000000d5580000)
  object space 79360K, 99% used [0x0000000080000000,0x0000000084d74140,0x0000000084d80000)
 Metaspace       used 69791K, committed 71296K, reserved 1114112K
  class space    used 7425K, committed 8064K, reserved 1048576K
}
Event: 97.351 GC heap before
{Heap before GC invocations=81 (full 3):
 PSYoungGen      total 16896K, used 16672K [0x00000000d5580000, 0x00000000d6880000, 0x0000000100000000)
  eden space 14336K, 100% used [0x00000000d5580000,0x00000000d6380000,0x00000000d6380000)
  from space 2560K, 91% used [0x00000000d6380000,0x00000000d65c8020,0x00000000d6600000)
  to   space 2560K, 0% used [0x00000000d6600000,0x00000000d6600000,0x00000000d6880000)
 ParOldGen       total 79360K, used 79312K [0x0000000080000000, 0x0000000084d80000, 0x00000000d5580000)
  object space 79360K, 99% used [0x0000000080000000,0x0000000084d74140,0x0000000084d80000)
 Metaspace       used 70070K, committed 71552K, reserved 1114112K
  class space    used 7443K, committed 8064K, reserved 1048576K
}
Event: 97.359 GC heap after
{Heap after GC invocations=81 (full 3):
 PSYoungGen      total 16896K, used 2069K [0x00000000d5580000, 0x00000000d6880000, 0x0000000100000000)
  eden space 14336K, 0% used [0x00000000d5580000,0x00000000d5580000,0x00000000d6380000)
  from space 2560K, 80% used [0x00000000d6600000,0x00000000d6805468,0x00000000d6880000)
  to   space 2560K, 0% used [0x00000000d6380000,0x00000000d6380000,0x00000000d6600000)
 ParOldGen       total 81920K, used 81573K [0x0000000080000000, 0x0000000085000000, 0x00000000d5580000)
  object space 81920K, 99% used [0x0000000080000000,0x0000000084fa95f8,0x0000000085000000)
 Metaspace       used 70070K, committed 71552K, reserved 1114112K
  class space    used 7443K, committed 8064K, reserved 1048576K
}
Event: 98.049 GC heap before
{Heap before GC invocations=82 (full 3):
 PSYoungGen      total 16896K, used 16405K [0x00000000d5580000, 0x00000000d6880000, 0x0000000100000000)
  eden space 14336K, 100% used [0x00000000d5580000,0x00000000d6380000,0x00000000d6380000)
  from space 2560K, 80% used [0x00000000d6600000,0x00000000d6805468,0x00000000d6880000)
  to   space 2560K, 0% used [0x00000000d6380000,0x00000000d6380000,0x00000000d6600000)
 ParOldGen       total 81920K, used 81573K [0x0000000080000000, 0x0000000085000000, 0x00000000d5580000)
  object space 81920K, 99% used [0x0000000080000000,0x0000000084fa95f8,0x0000000085000000)
 Metaspace       used 70250K, committed 71680K, reserved 1114112K
  class space    used 7443K, committed 8064K, reserved 1048576K
}
Event: 98.055 GC heap after
{Heap after GC invocations=82 (full 3):
 PSYoungGen      total 16896K, used 2528K [0x00000000d5580000, 0x00000000d6d80000, 0x0000000100000000)
  eden space 14336K, 0% used [0x00000000d5580000,0x00000000d5580000,0x00000000d6380000)
  from space 2560K, 98% used [0x00000000d6380000,0x00000000d65f8010,0x00000000d6600000)
  to   space 5120K, 0% used [0x00000000d6880000,0x00000000d6880000,0x00000000d6d80000)
 ParOldGen       total 83968K, used 83629K [0x0000000080000000, 0x0000000085200000, 0x00000000d5580000)
  object space 83968K, 99% used [0x0000000080000000,0x00000000851ab420,0x0000000085200000)
 Metaspace       used 70250K, committed 71680K, reserved 1114112K
  class space    used 7443K, committed 8064K, reserved 1048576K
}
Event: 98.827 GC heap before
{Heap before GC invocations=83 (full 3):
 PSYoungGen      total 16896K, used 16864K [0x00000000d5580000, 0x00000000d6d80000, 0x0000000100000000)
  eden space 14336K, 100% used [0x00000000d5580000,0x00000000d6380000,0x00000000d6380000)
  from space 2560K, 98% used [0x00000000d6380000,0x00000000d65f8010,0x00000000d6600000)
  to   space 5120K, 0% used [0x00000000d6880000,0x00000000d6880000,0x00000000d6d80000)
 ParOldGen       total 83968K, used 83629K [0x0000000080000000, 0x0000000085200000, 0x00000000d5580000)
  object space 83968K, 99% used [0x0000000080000000,0x00000000851ab420,0x0000000085200000)
 Metaspace       used 70401K, committed 71808K, reserved 1114112K
  class space    used 7447K, committed 8064K, reserved 1048576K
}
Event: 98.831 GC heap after
{Heap after GC invocations=83 (full 3):
 PSYoungGen      total 15360K, used 960K [0x00000000d5580000, 0x00000000d6980000, 0x0000000100000000)
  eden space 14336K, 0% used [0x00000000d5580000,0x00000000d5580000,0x00000000d6380000)
  from space 1024K, 93% used [0x00000000d6880000,0x00000000d6970020,0x00000000d6980000)
  to   space 2560K, 0% used [0x00000000d6480000,0x00000000d6480000,0x00000000d6700000)
 ParOldGen       total 86528K, used 86105K [0x0000000080000000, 0x0000000085480000, 0x00000000d5580000)
  object space 86528K, 99% used [0x0000000080000000,0x0000000085416568,0x0000000085480000)
 Metaspace       used 70401K, committed 71808K, reserved 1114112K
  class space    used 7447K, committed 8064K, reserved 1048576K
}
Event: 99.496 GC heap before
{Heap before GC invocations=84 (full 3):
 PSYoungGen      total 15360K, used 15296K [0x00000000d5580000, 0x00000000d6980000, 0x0000000100000000)
  eden space 14336K, 100% used [0x00000000d5580000,0x00000000d6380000,0x00000000d6380000)
  from space 1024K, 93% used [0x00000000d6880000,0x00000000d6970020,0x00000000d6980000)
  to   space 2560K, 0% used [0x00000000d6480000,0x00000000d6480000,0x00000000d6700000)
 ParOldGen       total 86528K, used 86105K [0x0000000080000000, 0x0000000085480000, 0x00000000d5580000)
  object space 86528K, 99% used [0x0000000080000000,0x0000000085416568,0x0000000085480000)
 Metaspace       used 70529K, committed 71936K, reserved 1114112K
  class space    used 7450K, committed 8064K, reserved 1048576K
}
Event: 99.503 GC heap after
{Heap after GC invocations=84 (full 3):
 PSYoungGen      total 16896K, used 2417K [0x00000000d5580000, 0x00000000d6980000, 0x0000000100000000)
  eden space 14336K, 0% used [0x00000000d5580000,0x00000000d5580000,0x00000000d6380000)
  from space 2560K, 94% used [0x00000000d6480000,0x00000000d66dc6e8,0x00000000d6700000)
  to   space 2560K, 0% used [0x00000000d6700000,0x00000000d6700000,0x00000000d6980000)
 ParOldGen       total 87040K, used 87005K [0x0000000080000000, 0x0000000085500000, 0x00000000d5580000)
  object space 87040K, 99% used [0x0000000080000000,0x00000000854f74a0,0x0000000085500000)
 Metaspace       used 70529K, committed 71936K, reserved 1114112K
  class space    used 7450K, committed 8064K, reserved 1048576K
}
Event: 99.955 GC heap before
{Heap before GC invocations=85 (full 3):
 PSYoungGen      total 16896K, used 16753K [0x00000000d5580000, 0x00000000d6980000, 0x0000000100000000)
  eden space 14336K, 100% used [0x00000000d5580000,0x00000000d6380000,0x00000000d6380000)
  from space 2560K, 94% used [0x00000000d6480000,0x00000000d66dc6e8,0x00000000d6700000)
  to   space 2560K, 0% used [0x00000000d6700000,0x00000000d6700000,0x00000000d6980000)
 ParOldGen       total 87040K, used 87005K [0x0000000080000000, 0x0000000085500000, 0x00000000d5580000)
  object space 87040K, 99% used [0x0000000080000000,0x00000000854f74a0,0x0000000085500000)
 Metaspace       used 70600K, committed 72000K, reserved 1114112K
  class space    used 7453K, committed 8064K, reserved 1048576K
}
Event: 99.961 GC heap after
{Heap after GC invocations=85 (full 3):
 PSYoungGen      total 15872K, used 1305K [0x00000000d5580000, 0x00000000d6880000, 0x0000000100000000)
  eden space 14336K, 0% used [0x00000000d5580000,0x00000000d5580000,0x00000000d6380000)
  from space 1536K, 84% used [0x00000000d6700000,0x00000000d68465f8,0x00000000d6880000)
  to   space 2048K, 0% used [0x00000000d6480000,0x00000000d6480000,0x00000000d6680000)
 ParOldGen       total 89600K, used 89355K [0x0000000080000000, 0x0000000085780000, 0x00000000d5580000)
  object space 89600K, 99% used [0x0000000080000000,0x0000000085742e28,0x0000000085780000)
 Metaspace       used 70600K, committed 72000K, reserved 1114112K
  class space    used 7453K, committed 8064K, reserved 1048576K
}
Event: 100.415 GC heap before
{Heap before GC invocations=86 (full 3):
 PSYoungGen      total 15872K, used 15641K [0x00000000d5580000, 0x00000000d6880000, 0x0000000100000000)
  eden space 14336K, 100% used [0x00000000d5580000,0x00000000d6380000,0x00000000d6380000)
  from space 1536K, 84% used [0x00000000d6700000,0x00000000d68465f8,0x00000000d6880000)
  to   space 2048K, 0% used [0x00000000d6480000,0x00000000d6480000,0x00000000d6680000)
 ParOldGen       total 89600K, used 89355K [0x0000000080000000, 0x0000000085780000, 0x00000000d5580000)
  object space 89600K, 99% used [0x0000000080000000,0x0000000085742e28,0x0000000085780000)
 Metaspace       used 70713K, committed 72192K, reserved 1114112K
  class space    used 7463K, committed 8064K, reserved 1048576K
}
Event: 100.419 GC heap after
{Heap after GC invocations=86 (full 3):
 PSYoungGen      total 16384K, used 2032K [0x00000000d5580000, 0x00000000d6c80000, 0x0000000100000000)
  eden space 14336K, 0% used [0x00000000d5580000,0x00000000d5580000,0x00000000d6380000)
  from space 2048K, 99% used [0x00000000d6480000,0x00000000d667c020,0x00000000d6680000)
  to   space 4608K, 0% used [0x00000000d6800000,0x00000000d6800000,0x00000000d6c80000)
 ParOldGen       total 91136K, used 91026K [0x0000000080000000, 0x0000000085900000, 0x00000000d5580000)
  object space 91136K, 99% used [0x0000000080000000,0x00000000858e4b20,0x0000000085900000)
 Metaspace       used 70713K, committed 72192K, reserved 1114112K
  class space    used 7463K, committed 8064K, reserved 1048576K
}
Event: 100.916 GC heap before
{Heap before GC invocations=87 (full 3):
 PSYoungGen      total 16384K, used 16368K [0x00000000d5580000, 0x00000000d6c80000, 0x0000000100000000)
  eden space 14336K, 100% used [0x00000000d5580000,0x00000000d6380000,0x00000000d6380000)
  from space 2048K, 99% used [0x00000000d6480000,0x00000000d667c020,0x00000000d6680000)
  to   space 4608K, 0% used [0x00000000d6800000,0x00000000d6800000,0x00000000d6c80000)
 ParOldGen       total 91136K, used 91026K [0x0000000080000000, 0x0000000085900000, 0x00000000d5580000)
  object space 91136K, 99% used [0x0000000080000000,0x00000000858e4b20,0x0000000085900000)
 Metaspace       used 71114K, committed 72640K, reserved 1114112K
  class space    used 7518K, committed 8192K, reserved 1048576K
}
Event: 100.922 GC heap after
{Heap after GC invocations=87 (full 3):
 PSYoungGen      total 17920K, used 3167K [0x00000000d5580000, 0x00000000d6b80000, 0x0000000100000000)
  eden space 14336K, 0% used [0x00000000d5580000,0x00000000d5580000,0x00000000d6380000)
  from space 3584K, 88% used [0x00000000d6800000,0x00000000d6b17ea0,0x00000000d6b80000)
  to   space 3584K, 0% used [0x00000000d6480000,0x00000000d6480000,0x00000000d6800000)
 ParOldGen       total 93184K, used 93012K [0x0000000080000000, 0x0000000085b00000, 0x00000000d5580000)
  object space 93184K, 99% used [0x0000000080000000,0x0000000085ad5348,0x0000000085b00000)
 Metaspace       used 71114K, committed 72640K, reserved 1114112K
  class space    used 7518K, committed 8192K, reserved 1048576K
}
Event: 101.483 GC heap before
{Heap before GC invocations=88 (full 3):
 PSYoungGen      total 17920K, used 17503K [0x00000000d5580000, 0x00000000d6b80000, 0x0000000100000000)
  eden space 14336K, 100% used [0x00000000d5580000,0x00000000d6380000,0x00000000d6380000)
  from space 3584K, 88% used [0x00000000d6800000,0x00000000d6b17ea0,0x00000000d6b80000)
  to   space 3584K, 0% used [0x00000000d6480000,0x00000000d6480000,0x00000000d6800000)
 ParOldGen       total 93184K, used 93012K [0x0000000080000000, 0x0000000085b00000, 0x00000000d5580000)
  object space 93184K, 99% used [0x0000000080000000,0x0000000085ad5348,0x0000000085b00000)
 Metaspace       used 71348K, committed 72896K, reserved 1114112K
  class space    used 7526K, committed 8192K, reserved 1048576K
}
Event: 101.489 GC heap after
{Heap after GC invocations=88 (full 3):
 PSYoungGen      total 16896K, used 2305K [0x00000000d5580000, 0x00000000d6980000, 0x0000000100000000)
  eden space 14336K, 0% used [0x00000000d5580000,0x00000000d5580000,0x00000000d6380000)
  from space 2560K, 90% used [0x00000000d6480000,0x00000000d66c0500,0x00000000d6700000)
  to   space 2560K, 0% used [0x00000000d6700000,0x00000000d6700000,0x00000000d6980000)
 ParOldGen       total 96256K, used 95979K [0x0000000080000000, 0x0000000085e00000, 0x00000000d5580000)
  object space 96256K, 99% used [0x0000000080000000,0x0000000085dbaf68,0x0000000085e00000)
 Metaspace       used 71348K, committed 72896K, reserved 1114112K
  class space    used 7526K, committed 8192K, reserved 1048576K
}

